<?xml version="1.0" encoding="UTF-8"?>
<!-- Generated by org.testng.reporters.JUnitXMLReporter -->
<testsuite ignored="0" hostname="DESKTOP-LQQ0QHQ" failures="1" tests="1" name="Test2" time="26.344" errors="0" timestamp="2023-06-02T01:00:29 IST">
  <testcase classname="day9.tutorial2" name="tc_1" time="23.825">
    <failure type="java.lang.AssertionError" message="expected [Near nandyal - Google Search] but found [yaganti - Google Search]">
      <![CDATA[java.lang.AssertionError: expected [Near nandyal - Google Search] but found [yaganti - Google Search]
at day9.tutorial2.tc_1(tutorial2.java:32)
at java.base/java.util.ArrayList.forEach(ArrayList.java:1540)
... Removed 33 stack frames]]>
    </failure>
  </testcase> <!-- tc_1 -->
</testsuite> <!-- Test2 -->
