<?xml version="1.0" encoding="UTF-8"?>
<!-- Generated by org.testng.reporters.JUnitXMLReporter -->
<testsuite ignored="2" hostname="DESKTOP-PQE36GM" failures="0" tests="1" name="Default test" time="17.785" errors="0" timestamp="2023-08-18T23:56:16 IST">
  <testcase classname="day1.twq" name="mousehover" time="9.939"/>
  <testcase classname="day1.twq" name="test1" time="0.0">
    <ignored/>
  </testcase> <!-- test1 -->
  <testcase classname="day1.twq" name="dropdownm" time="0.0">
    <ignored/>
  </testcase> <!-- dropdownm -->
</testsuite> <!-- Default test -->
