<?xml version="1.0" encoding="UTF-8"?>
<!-- Generated by org.testng.reporters.JUnitXMLReporter -->
<testsuite ignored="0" hostname="DESKTOP-LQQ0QHQ" failures="2" tests="4" name="Test1" time="191.337" errors="0" timestamp="2023-06-02T01:06:04 IST">
  <testcase classname="day9.tutorial2" name="tc_1" time="45.674">
    <failure type="java.lang.AssertionError" message="expected [Near nandyal - Google Search] but found [yaganti - Google Search]">
      <![CDATA[java.lang.AssertionError: expected [Near nandyal - Google Search] but found [yaganti - Google Search]
at day9.tutorial2.tc_1(tutorial2.java:32)
at java.base/java.util.ArrayList.forEach(ArrayList.java:1540)
... Removed 33 stack frames]]>
    </failure>
  </testcase> <!-- tc_1 -->
  <testcase classname="day9.tutorial" name="m1" time="27.953"/>
  <testcase classname="day9.tutorial" name="m2" time="93.499"/>
  <testcase classname="day9.tutorial" name="m3" time="21.264">
    <failure type="java.lang.AssertionError" message="expected [Mahanandi] but found [srisailam - Google Search]">
      <![CDATA[java.lang.AssertionError: expected [Mahanandi] but found [srisailam - Google Search]
at day9.tutorial.m3(tutorial.java:51)
at java.base/java.util.ArrayList.forEach(ArrayList.java:1540)
... Removed 33 stack frames]]>
    </failure>
  </testcase> <!-- m3 -->
</testsuite> <!-- Test1 -->
