<?xml version="1.0" encoding="UTF-8"?>
<testng-results ignored="1" total="2" passed="1" failed="0" skipped="0">
  <reporter-output>
  </reporter-output>
  <suite started-at="2023-08-16T10:05:19 IST" name="Default suite" finished-at="2023-08-16T10:05:33 IST" duration-ms="14664">
    <groups>
    </groups>
    <test started-at="2023-08-16T10:05:19 IST" name="Default test" finished-at="2023-08-16T10:05:33 IST" duration-ms="14664">
      <class name="day1.twq">
        <test-method signature="mousehover()[pri:0, instance:day1.twq@6f15d60e]" started-at="2023-08-16T10:05:19 IST" name="mousehover" finished-at="2023-08-16T10:05:33 IST" duration-ms="14300" status="PASS">
          <reporter-output>
          </reporter-output>
        </test-method> <!-- mousehover -->
        <test-method is-config="true" signature="tear()[pri:0, instance:day1.twq@6f15d60e]" started-at="2023-08-16T10:05:33 IST" name="tear" finished-at="2023-08-16T10:05:33 IST" duration-ms="270" status="PASS">
          <reporter-output>
          </reporter-output>
        </test-method> <!-- tear -->
      </class> <!-- day1.twq -->
    </test> <!-- Default test -->
  </suite> <!-- Default suite -->
</testng-results>
